Array
(
    [QS_SrvConn] => 1
    [QS_AllConn] => 1
    [QS_ConnectionId] => 169795843594788704314066
    [HTTPS] => on
    [SSL_TLS_SNI] => selene.hud.ac.uk
    [SSL_SERVER_S_DN_C] => GB
    [SSL_SERVER_S_DN_ST] => West Yorkshire
    [SSL_SERVER_S_DN_O] => The University of Huddersfield
    [SSL_SERVER_S_DN_CN] => *.hud.ac.uk
    [SSL_SERVER_I_DN_C] => NL
    [SSL_SERVER_I_DN_O] => GEANT Vereniging
    [SSL_SERVER_I_DN_CN] => GEANT OV RSA CA 4
    [SSL_SERVER_SAN_DNS_0] => *.hud.ac.uk
    [SSL_SERVER_SAN_DNS_1] => hud.ac.uk
    [SSL_VERSION_INTERFACE] => mod_ssl/2.4.41
    [SSL_VERSION_LIBRARY] => OpenSSL/1.1.1f
    [SSL_PROTOCOL] => TLSv1.3
    [SSL_SECURE_RENEG] => false
    [SSL_COMPRESS_METHOD] => NULL
    [SSL_CIPHER] => TLS_AES_128_GCM_SHA256
    [SSL_CIPHER_EXPORT] => false
    [SSL_CIPHER_USEKEYSIZE] => 128
    [SSL_CIPHER_ALGKEYSIZE] => 128
    [SSL_CLIENT_VERIFY] => NONE
    [SSL_SERVER_M_VERSION] => 3
    [SSL_SERVER_M_SERIAL] => 93BDD4E849946BB76924DBA867509432
    [SSL_SERVER_V_START] => Dec  7 00:00:00 2022 GMT
    [SSL_SERVER_V_END] => Dec  7 23:59:59 2023 GMT
    [SSL_SERVER_S_DN] => CN=*.hud.ac.uk,O=The University of Huddersfield,ST=West Yorkshire,C=GB
    [SSL_SERVER_I_DN] => CN=GEANT OV RSA CA 4,O=GEANT Vereniging,C=NL
    [SSL_SERVER_A_KEY] => rsaEncryption
    [SSL_SERVER_A_SIG] => sha384WithRSAEncryption
    [SSL_SESSION_ID] => 8b6c3e337ee621df256c255910d85f6ef6e9031c8332519621d3a12e091d57be
    [SSL_SESSION_RESUMED] => Resumed
    [HTTP_HOST] => selene.hud.ac.uk
    [HTTP_CONNECTION] => keep-alive
    [CONTENT_LENGTH] => 161
    [HTTP_SEC_CH_UA] => "Chromium";v="118", "Google Chrome";v="118", "Not=A?Brand";v="99"
    [HTTP_SEC_CH_UA_PLATFORM] => "Windows"
    [HTTP_SEC_CH_UA_MOBILE] => ?0
    [HTTP_USER_AGENT] => Mozilla/5.0 (Windows NT 10.0; Win64; x64) AppleWebKit/537.36 (KHTML, like Gecko) Chrome/118.0.0.0 Safari/537.36
    [CONTENT_TYPE] => application/json
    [HTTP_ACCEPT] => */*
    [HTTP_ORIGIN] => https://selene.hud.ac.uk
    [HTTP_SEC_FETCH_SITE] => same-origin
    [HTTP_SEC_FETCH_MODE] => cors
    [HTTP_SEC_FETCH_DEST] => empty
    [HTTP_REFERER] => https://selene.hud.ac.uk/u2256817/RoyaleBakery/1/?
    [HTTP_ACCEPT_ENCODING] => gzip, deflate, br
    [HTTP_ACCEPT_LANGUAGE] => en-GB,en;q=0.9
    [PATH] => /usr/local/sbin:/usr/local/bin:/usr/sbin:/usr/bin:/sbin:/bin:/snap/bin
    [SERVER_SIGNATURE] => 
    [SERVER_SOFTWARE] => Apache
    [SERVER_NAME] => selene.hud.ac.uk
    [SERVER_ADDR] => 172.17.30.58
    [SERVER_PORT] => 443
    [REMOTE_ADDR] => 2.218.162.120
    [DOCUMENT_ROOT] => /web
    [REQUEST_SCHEME] => https
    [CONTEXT_PREFIX] => /u2256817
    [CONTEXT_DOCUMENT_ROOT] => /web/users/u2256817
    [SERVER_ADMIN] => dave.parker@hud.ac.uk
    [SCRIPT_FILENAME] => /web/users/u2256817/RoyaleBakery/1/save_order.php
    [REMOTE_PORT] => 52251
    [GATEWAY_INTERFACE] => CGI/1.1
    [SERVER_PROTOCOL] => HTTP/1.1
    [REQUEST_METHOD] => POST
    [QUERY_STRING] => 
    [REQUEST_URI] => /u2256817/RoyaleBakery/1/save_order.php
    [SCRIPT_NAME] => /u2256817/RoyaleBakery/1/save_order.php
    [PHP_SELF] => /u2256817/RoyaleBakery/1/save_order.php
    [REQUEST_TIME_FLOAT] => 1697958435.947
    [REQUEST_TIME] => 1697958435
)
